<?xml version="1.0" encoding="UTF-8"?>
<!-- Generated by org.testng.reporters.JUnitReportReporter -->
<testsuite name="com.test.Atomation.UIAutomation.productDetails.TC002_Products" tests="1" time="9.640" ignored="0" failures="0" timestamp="08 Nov 2017 03:42:53 GMT" skipped="0" hostname="INL-7D2RWF2" errors="0">
  <testcase name="productSelection" time="9.640" classname="com.test.Atomation.UIAutomation.productDetails.TC002_Products"/>
</testsuite> <!-- com.test.Atomation.UIAutomation.productDetails.TC002_Products -->
