<?xml version="1.0" encoding="UTF-8"?>
<!-- Generated by org.testng.reporters.JUnitReportReporter -->
<testsuite name="com.test.Atomation.UIAutomation.addToCart.TC001_AddToCart" tests="1" time="34.480" ignored="0" failures="0" timestamp="06 Nov 2017 11:18:26 GMT" skipped="0" hostname="INL-7D2RWF2" errors="0">
  <testcase name="addToCart" time="34.480" classname="com.test.Atomation.UIAutomation.addToCart.TC001_AddToCart"/>
</testsuite> <!-- com.test.Atomation.UIAutomation.addToCart.TC001_AddToCart -->
