<?xml version="1.0" encoding="UTF-8"?>
<!-- Generated by org.testng.reporters.JUnitReportReporter -->
<testsuite name="com.test.Atomation.UIAutomation.productDetails.TC003_ProductSelection" tests="1" time="8.144" ignored="0" failures="0" timestamp="04 Nov 2017 08:08:08 GMT" skipped="0" hostname="INL-7D2RWF2" errors="0">
  <testcase name="navigate" time="8.144" classname="com.test.Atomation.UIAutomation.productDetails.TC003_ProductSelection"/>
</testsuite> <!-- com.test.Atomation.UIAutomation.productDetails.TC003_ProductSelection -->
