<?xml version="1.0" encoding="UTF-8"?>
<!-- Generated by org.testng.reporters.JUnitReportReporter -->
<testsuite name="com.test.Atomation.UIAutomation.homePage.TC001_VeryfyLoginWithInvalidCredentials" tests="1" time="0.007" ignored="0" failures="0" timestamp="04 Sep 2017 11:38:18 GMT" skipped="0" hostname="INL-7D2RWF2" errors="0">
  <testcase name="TC001_VeryfyLoginWithInvalidCredentials" time="0.007" classname="com.test.Atomation.UIAutomation.homePage.TC001_VeryfyLoginWithInvalidCredentials"/>
</testsuite> <!-- com.test.Atomation.UIAutomation.homePage.TC001_VeryfyLoginWithInvalidCredentials -->
